2019-11-08T04:39:28.234Z - normal: Load ~/.CocosCreator/settings.json
2019-11-08T04:39:28.435Z - normal: Initializing Asset Database
2019-11-08T04:39:28.441Z - normal: checking language setting...
2019-11-08T04:39:28.442Z - normal: Language: zh
2019-11-08T04:39:31.976Z - success: preview server running at http://localhost:7456
2019-11-08T04:39:32.001Z - success: protocol editor-framework registered
2019-11-08T04:39:32.001Z - success: protocol app registered
2019-11-08T04:39:32.002Z - success: protocol theme registered
2019-11-08T04:39:32.002Z - success: protocol packages registered
2019-11-08T04:39:32.002Z - success: protocol uuid registerred
2019-11-08T04:39:32.003Z - success: protocol db registerred
2019-11-08T04:39:32.003Z - success: protocol thumbnail registerred
2019-11-08T04:39:32.004Z - success: protocol unpack registerred
2019-11-08T04:39:32.004Z - success: protocol disable-commonjs registerred
2019-11-08T04:39:34.323Z - normal: connected!
2019-11-08T04:39:34.325Z - normal: Check project F:\Works\HTML5 Works\xiaohngm.github.io\Games\Star\start_project
2019-11-08T04:39:34.329Z - normal: Initializing project F:\Works\HTML5 Works\xiaohngm.github.io\Games\Star\start_project
2019-11-08T04:39:37.964Z - normal: Initializing Cocos2d
2019-11-08T04:39:42.486Z - normal: Initializing engine extends
2019-11-08T04:39:42.982Z - success: adapters loaded
2019-11-08T04:39:43.034Z - success: asset-db-debugger loaded
2019-11-08T04:39:43.457Z - success: fb-audience-network loaded
2019-11-08T04:39:43.727Z - success: fb-live-stream loaded
2019-11-08T04:39:43.779Z - success: google-play-instant loaded
2019-11-08T04:39:43.968Z - success: huawei-runtime loaded
2019-11-08T04:39:47.905Z - success: cpk-publish loaded
2019-11-08T04:39:47.909Z - success: jsb-adapter loaded
2019-11-08T04:39:48.071Z - success: oppo-runtime loaded
2019-11-08T04:39:48.143Z - success: package-manager loaded
2019-11-08T04:39:48.191Z - success: runtime-dev-tools loaded
2019-11-08T04:39:48.247Z - success: sdkbox loaded
2019-11-08T04:39:48.331Z - success: ui-kit-preview-extra loaded
2019-11-08T04:39:48.388Z - success: ui-kit-preview loaded
2019-11-08T04:39:48.580Z - success: vivo-runtime loaded
2019-11-08T04:39:48.618Z - success: alipay-minigame loaded
2019-11-08T04:39:48.733Z - success: assets loaded
2019-11-08T04:39:48.765Z - success: baidugame-opendata loaded
2019-11-08T04:39:48.781Z - success: baidugame loaded
2019-11-08T04:39:48.792Z - success: builder loaded
2019-11-08T04:39:50.559Z - success: cocos-services loaded
2019-11-08T04:39:50.597Z - success: console loaded
2019-11-08T04:39:50.679Z - success: fb-instant-games loaded
2019-11-08T04:39:50.695Z - success: game-window loaded
2019-11-08T04:39:50.699Z - success: google-instant-games loaded
2019-11-08T04:39:50.714Z - success: hierarchy loaded
2019-11-08T04:39:50.741Z - success: inspector loaded
2019-11-08T04:39:50.786Z - success: keystore loaded
2019-11-08T04:39:50.857Z - success: node-library loaded
2019-11-08T04:39:50.859Z - success: open-recent-items loaded
2019-11-08T04:39:50.904Z - success: package-asset loaded
2019-11-08T04:39:50.910Z - success: preferences loaded
2019-11-08T04:39:50.939Z - success: project-exporter loaded
2019-11-08T04:39:51.009Z - success: project-importer loaded
2019-11-08T04:39:51.040Z - success: project-settings loaded
2019-11-08T04:39:51.062Z - success: scene loaded
2019-11-08T04:39:51.093Z - success: simulator-debugger loaded
2019-11-08T04:39:51.103Z - success: sprite-editor loaded
2019-11-08T04:39:51.114Z - success: store loaded
2019-11-08T04:39:51.207Z - success: timeline loaded
2019-11-08T04:39:51.305Z - success: wechatgame-opendata loaded
2019-11-08T04:39:51.357Z - success: wechatgame loaded
2019-11-08T04:39:51.382Z - success: xiaomi-runtime loaded
2019-11-08T04:39:58.667Z - info: Cocos Services load base data!
2019-11-08T04:40:32.771Z - normal: Loading packages
2019-11-08T04:40:32.786Z - normal: Watching packages
2019-11-08T04:40:36.561Z - normal: Run Application
2019-11-08T15:04:40.437Z - success: oppo-runtime unloaded
2019-11-08T15:04:40.517Z - success: oppo-runtime loaded
2019-11-08T15:04:40.566Z - success: oppo-runtime unloaded
2019-11-08T15:04:40.569Z - success: oppo-runtime loaded
2019-11-08T16:58:14.630Z - success: huawei-runtime unloaded
2019-11-08T16:58:14.728Z - success: huawei-runtime loaded
2019-11-08T16:58:14.779Z - success: huawei-runtime unloaded
2019-11-08T16:58:14.780Z - success: cpk-publish unloaded
2019-11-08T16:58:14.862Z - success: huawei-runtime loaded
2019-11-08T16:58:14.864Z - success: cpk-publish loaded
2019-11-08T16:58:14.905Z - success: vivo-runtime unloaded
2019-11-08T16:58:14.940Z - success: cpk-publish unloaded
2019-11-08T16:58:14.956Z - success: vivo-runtime loaded
2019-11-08T16:58:14.956Z - success: cpk-publish loaded
2019-11-08T16:58:15.003Z - success: vivo-runtime unloaded
2019-11-08T16:58:15.007Z - success: vivo-runtime loaded
2019-11-08T16:58:15.096Z - success: oppo-runtime unloaded
2019-11-08T16:58:15.157Z - success: oppo-runtime loaded
2019-11-08T16:58:15.237Z - success: oppo-runtime unloaded
2019-11-08T16:58:15.241Z - success: oppo-runtime loaded
2019-11-08T17:00:39.554Z - error: Window "window-1573232283896" unresponsive: [object Object]
    at BrowserWindow.<anonymous> (D:\CocosCreator_2.2.0\resources\app.asar\editor-framework\lib\main\window.js:1:2122)
    at BrowserWindow.emit (events.js:194:13)
    at BrowserWindow.EventEmitter.emit (domain.js:469:20)
    at BrowserWindow.topLevelDomainCallback (domain.js:124:23)
2019-11-08T17:00:41.043Z - normal: Start building with options : {
  "actualPlatform": "web-desktop",
  "android": {
    "packageName": ""
  },
  "android-instant": {
    "REMOTE_SERVER_ROOT": "",
    "host": "",
    "packageName": "",
    "pathPattern": "",
    "recordPath": "",
    "scheme": "https",
    "skipRecord": false
  },
  "apiLevel": "",
  "appABIs": [],
  "appBundle": false,
  "buildPath": "F:\\Works\\ddddddd",
  "debug": false,
  "dest": "F:\\Works\\ddddddd\\web-desktop",
  "embedWebDebugger": false,
  "encryptJs": true,
  "excludeScenes": [],
  "excludedModules": [
    "Geom Utils",
    "3D",
    "3D Primitive"
  ],
  "fb-instant-games": {},
  "includeSDKBox": false,
  "inlineSpriteFrames": true,
  "inlineSpriteFrames_native": true,
  "ios": {
    "packageName": ""
  },
  "mac": {
    "packageName": ""
  },
  "md5Cache": false,
  "mergeStartScene": false,
  "optimizeHotUpdate": false,
  "orientation": {
    "landscapeLeft": true,
    "landscapeRight": true,
    "portrait": false,
    "upsideDown": false
  },
  "packageName": "",
  "platform": "web-desktop",
  "previewHeight": "720",
  "previewWidth": "1280",
  "scenes": [
    "5ca06183-2880-4d9c-8169-bae319cbe18b"
  ],
  "sourceMaps": false,
  "startScene": "5ca06183-2880-4d9c-8169-bae319cbe18b",
  "template": "link",
  "title": "Star",
  "useDebugKeystore": true,
  "vsVersion": "auto",
  "webOrientation": "auto",
  "win32": {},
  "xxteaKey": "01e19b79-f13c-4b",
  "zipCompressJs": true,
  "project": "F:\\Works\\HTML5 Works\\xiaohngm.github.io\\Games\\Star\\start_project",
  "projectName": "Star",
  "debugBuildWorker": false
}
2019-11-08T17:00:41.057Z - normal: Building F:\Works\HTML5 Works\xiaohngm.github.io\Games\Star\start_project
2019-11-08T17:00:41.057Z - normal: Destination F:\Works\ddddddd\web-desktop
2019-11-08T17:00:43.524Z - normal: Delete F:\Works\ddddddd\web-desktop\subpackages/**/*,F:\Works\ddddddd\web-desktop\**\*
2019-11-08T17:02:28.109Z - normal: Start building assets
2019-11-08T17:02:28.110Z - normal: Start spawn build-worker
2019-11-08T17:02:29.596Z - normal: Finish spawn build-worker
2019-11-08T17:02:29.596Z - normal: Start init build-worker
2019-11-08T17:02:44.581Z - normal: Finish init build-worker
2019-11-08T17:02:44.581Z - normal: Start build-assets in worker
2019-11-08T17:02:47.824Z - normal: Finish build-assets in worker
2019-11-08T17:02:47.848Z - normal: Finish building assets
2019-11-08T17:02:47.878Z - normal: Start building plugin scripts
2019-11-08T17:02:47.950Z - normal: Generating main.js from D:\CocosCreator_2.2.0\resources\static\build-templates\shares\main.js
2019-11-08T17:02:48.021Z - normal: Generating html from D:\CocosCreator_2.2.0\resources\static\build-templates\web-desktop\template\index.html
2019-11-08T17:02:48.143Z - normal: Built to "F:\Works\ddddddd\web-desktop" successfully
2019-11-08T17:10:34.890Z - normal: Start building with options : {
  "actualPlatform": "web-desktop",
  "android": {
    "packageName": ""
  },
  "android-instant": {
    "REMOTE_SERVER_ROOT": "",
    "host": "",
    "packageName": "",
    "pathPattern": "",
    "recordPath": "",
    "scheme": "https",
    "skipRecord": false
  },
  "apiLevel": "",
  "appABIs": [],
  "appBundle": false,
  "buildPath": "F:\\Works\\sd",
  "debug": false,
  "dest": "F:\\Works\\sd\\web-desktop",
  "embedWebDebugger": false,
  "encryptJs": true,
  "excludeScenes": [],
  "excludedModules": [
    "Geom Utils",
    "3D",
    "3D Primitive"
  ],
  "fb-instant-games": {},
  "includeSDKBox": false,
  "inlineSpriteFrames": true,
  "inlineSpriteFrames_native": true,
  "ios": {
    "packageName": ""
  },
  "mac": {
    "packageName": ""
  },
  "md5Cache": false,
  "mergeStartScene": false,
  "optimizeHotUpdate": false,
  "orientation": {
    "landscapeLeft": true,
    "landscapeRight": true,
    "portrait": false,
    "upsideDown": false
  },
  "packageName": "",
  "platform": "web-desktop",
  "previewHeight": "720",
  "previewWidth": "1280",
  "scenes": [
    "5ca06183-2880-4d9c-8169-bae319cbe18b"
  ],
  "sourceMaps": false,
  "startScene": "5ca06183-2880-4d9c-8169-bae319cbe18b",
  "template": "link",
  "title": "Star",
  "useDebugKeystore": true,
  "vsVersion": "auto",
  "webOrientation": "auto",
  "win32": {},
  "xxteaKey": "01e19b79-f13c-4b",
  "zipCompressJs": true,
  "project": "F:\\Works\\HTML5 Works\\xiaohngm.github.io\\Games\\Star\\start_project",
  "projectName": "Star",
  "debugBuildWorker": false
}
2019-11-08T17:10:34.891Z - normal: Building F:\Works\HTML5 Works\xiaohngm.github.io\Games\Star\start_project
2019-11-08T17:10:34.891Z - normal: Destination F:\Works\sd\web-desktop
2019-11-08T17:10:34.896Z - normal: Delete F:\Works\sd\web-desktop\subpackages/**/*,F:\Works\sd\web-desktop\**\*
2019-11-08T17:10:37.811Z - normal: Start building assets
2019-11-08T17:10:37.811Z - normal: Start spawn build-worker
2019-11-08T17:10:39.218Z - normal: Finish spawn build-worker
2019-11-08T17:10:39.218Z - normal: Start init build-worker
2019-11-08T17:10:43.999Z - normal: Finish init build-worker
2019-11-08T17:10:43.999Z - normal: Start build-assets in worker
2019-11-08T17:10:44.938Z - normal: Finish build-assets in worker
2019-11-08T17:10:44.950Z - normal: Finish building assets
2019-11-08T17:10:44.983Z - normal: Start building plugin scripts
2019-11-08T17:10:45.034Z - normal: Generating main.js from D:\CocosCreator_2.2.0\resources\static\build-templates\shares\main.js
2019-11-08T17:10:45.051Z - normal: Generating html from D:\CocosCreator_2.2.0\resources\static\build-templates\web-desktop\template\index.html
2019-11-08T17:10:45.081Z - normal: Built to "F:\Works\sd\web-desktop" successfully
2019-11-08T17:10:51.812Z - normal: Start building with options : {
  "actualPlatform": "web-desktop",
  "android": {
    "packageName": ""
  },
  "android-instant": {
    "REMOTE_SERVER_ROOT": "",
    "host": "",
    "packageName": "",
    "pathPattern": "",
    "recordPath": "",
    "scheme": "https",
    "skipRecord": false
  },
  "apiLevel": "",
  "appABIs": [],
  "appBundle": false,
  "buildPath": "F:\\Works\\sd",
  "debug": false,
  "dest": "F:\\Works\\sd\\web-desktop",
  "embedWebDebugger": false,
  "encryptJs": true,
  "excludeScenes": [],
  "excludedModules": [
    "Geom Utils",
    "3D",
    "3D Primitive"
  ],
  "fb-instant-games": {},
  "includeSDKBox": false,
  "inlineSpriteFrames": true,
  "inlineSpriteFrames_native": true,
  "ios": {
    "packageName": ""
  },
  "mac": {
    "packageName": ""
  },
  "md5Cache": false,
  "mergeStartScene": false,
  "optimizeHotUpdate": false,
  "orientation": {
    "landscapeLeft": true,
    "landscapeRight": true,
    "portrait": false,
    "upsideDown": false
  },
  "packageName": "",
  "platform": "web-desktop",
  "previewHeight": "720",
  "previewWidth": "1280",
  "scenes": [
    "5ca06183-2880-4d9c-8169-bae319cbe18b"
  ],
  "sourceMaps": false,
  "startScene": "5ca06183-2880-4d9c-8169-bae319cbe18b",
  "template": "link",
  "title": "Star",
  "useDebugKeystore": true,
  "vsVersion": "auto",
  "webOrientation": "auto",
  "win32": {},
  "xxteaKey": "01e19b79-f13c-4b",
  "zipCompressJs": true,
  "project": "F:\\Works\\HTML5 Works\\xiaohngm.github.io\\Games\\Star\\start_project",
  "projectName": "Star",
  "debugBuildWorker": false
}
2019-11-08T17:10:51.812Z - normal: Building F:\Works\HTML5 Works\xiaohngm.github.io\Games\Star\start_project
2019-11-08T17:10:51.812Z - normal: Destination F:\Works\sd\web-desktop
2019-11-08T17:10:51.816Z - normal: Delete F:\Works\sd\web-desktop\subpackages/**/*,F:\Works\sd\web-desktop\**\*
2019-11-08T17:10:55.650Z - normal: Start building assets
2019-11-08T17:10:55.650Z - normal: Start spawn build-worker
2019-11-08T17:10:57.167Z - normal: Finish spawn build-worker
2019-11-08T17:10:57.167Z - normal: Start init build-worker
2019-11-08T17:11:05.910Z - normal: Finish init build-worker
2019-11-08T17:11:05.911Z - normal: Start build-assets in worker
2019-11-08T17:11:07.356Z - normal: Finish build-assets in worker
2019-11-08T17:11:07.370Z - normal: Finish building assets
2019-11-08T17:11:07.403Z - normal: Start building plugin scripts
2019-11-08T17:11:07.436Z - normal: Generating main.js from D:\CocosCreator_2.2.0\resources\static\build-templates\shares\main.js
2019-11-08T17:11:07.453Z - normal: Generating html from D:\CocosCreator_2.2.0\resources\static\build-templates\web-desktop\template\index.html
2019-11-08T17:11:07.499Z - normal: Built to "F:\Works\sd\web-desktop" successfully
