2020-04-29T10:27:42.756Z - normal: Load ~/.CocosCreator/settings.json
2020-04-29T10:27:43.791Z - normal: Initializing Asset Database
2020-04-29T10:27:43.856Z - normal: checking language setting...
2020-04-29T10:27:43.857Z - normal: Language: zh
2020-04-29T10:27:50.722Z - success: preview server running at http://localhost:7456
2020-04-29T10:27:50.730Z - success: protocol editor-framework registered
2020-04-29T10:27:50.730Z - success: protocol app registered
2020-04-29T10:27:50.730Z - success: protocol theme registered
2020-04-29T10:27:50.730Z - success: protocol packages registered
2020-04-29T10:27:50.731Z - success: protocol uuid registerred
2020-04-29T10:27:50.731Z - success: protocol db registerred
2020-04-29T10:27:50.731Z - success: protocol thumbnail registerred
2020-04-29T10:27:50.731Z - success: protocol unpack registerred
2020-04-29T10:27:50.731Z - success: protocol disable-commonjs registerred
2020-04-29T10:27:50.924Z - normal: connected!
2020-04-29T10:27:50.925Z - normal: Check project F:\Works\HTML5 Works\xiaohngm.github.io\Games\Star2\polished_project
2020-04-29T10:27:50.928Z - normal: Initializing project F:\Works\HTML5 Works\xiaohngm.github.io\Games\Star2\polished_project
2020-04-29T10:27:54.544Z - normal: Initializing Cocos2d
2020-04-29T10:27:55.417Z - normal: Initializing engine extends
2020-04-29T10:27:55.570Z - success: adapters loaded
2020-04-29T10:27:55.587Z - success: asset-db-debugger loaded
2020-04-29T10:27:55.948Z - success: fb-audience-network loaded
2020-04-29T10:27:56.017Z - success: fb-live-stream loaded
2020-04-29T10:27:56.037Z - success: google-play-instant loaded
2020-04-29T10:27:56.074Z - success: huawei-runtime loaded
2020-04-29T10:27:56.977Z - success: cpk-publish loaded
2020-04-29T10:27:56.979Z - success: jsb-adapter loaded
2020-04-29T10:27:57.017Z - success: oppo-runtime loaded
2020-04-29T10:27:57.051Z - success: package-manager loaded
2020-04-29T10:27:57.078Z - success: runtime-dev-tools loaded
2020-04-29T10:27:57.102Z - success: sdkbox loaded
2020-04-29T10:27:57.118Z - success: ui-kit-preview-extra loaded
2020-04-29T10:27:57.132Z - success: ui-kit-preview loaded
2020-04-29T10:27:57.178Z - success: vivo-runtime loaded
2020-04-29T10:27:57.184Z - success: alipay-minigame loaded
2020-04-29T10:27:57.286Z - success: assets loaded
2020-04-29T10:27:57.297Z - success: baidugame-opendata loaded
2020-04-29T10:27:57.303Z - success: baidugame loaded
2020-04-29T10:27:57.315Z - success: builder loaded
2020-04-29T10:27:57.656Z - success: cocos-services loaded
2020-04-29T10:27:57.686Z - success: console loaded
2020-04-29T10:27:57.708Z - success: fb-instant-games loaded
2020-04-29T10:27:57.717Z - success: game-window loaded
2020-04-29T10:27:57.720Z - success: google-instant-games loaded
2020-04-29T10:27:57.732Z - success: hierarchy loaded
2020-04-29T10:27:57.739Z - success: inspector loaded
2020-04-29T10:27:57.743Z - success: keystore loaded
2020-04-29T10:27:57.783Z - success: node-library loaded
2020-04-29T10:27:57.786Z - success: open-recent-items loaded
2020-04-29T10:27:57.799Z - success: package-asset loaded
2020-04-29T10:27:57.801Z - success: preferences loaded
2020-04-29T10:27:57.810Z - success: project-exporter loaded
2020-04-29T10:27:57.826Z - success: project-importer loaded
2020-04-29T10:27:57.833Z - success: project-settings loaded
2020-04-29T10:27:57.846Z - success: scene loaded
2020-04-29T10:27:57.849Z - success: simulator-debugger loaded
2020-04-29T10:27:57.853Z - success: sprite-editor loaded
2020-04-29T10:27:57.865Z - success: store loaded
2020-04-29T10:27:57.874Z - success: timeline loaded
2020-04-29T10:27:57.885Z - success: wechatgame-opendata loaded
2020-04-29T10:27:57.960Z - success: wechatgame loaded
2020-04-29T10:27:57.977Z - success: xiaomi-runtime loaded
2020-04-29T10:28:02.243Z - info: Cocos Services load base data!
2020-04-29T10:28:09.326Z - normal: Loading packages
2020-04-29T10:28:09.341Z - normal: Watching packages
2020-04-29T10:28:11.923Z - normal: Run Application
