2020-04-29T10:26:20.171Z - normal: Load ~/.CocosCreator/settings.json
2020-04-29T10:26:20.309Z - normal: Initializing Asset Database
2020-04-29T10:26:20.344Z - normal: checking language setting...
2020-04-29T10:26:20.345Z - normal: Language: zh
2020-04-29T10:26:21.254Z - success: preview server running at http://localhost:7456
2020-04-29T10:26:21.261Z - success: protocol editor-framework registered
2020-04-29T10:26:21.261Z - success: protocol app registered
2020-04-29T10:26:21.261Z - success: protocol theme registered
2020-04-29T10:26:21.262Z - success: protocol packages registered
2020-04-29T10:26:21.262Z - success: protocol uuid registerred
2020-04-29T10:26:21.262Z - success: protocol db registerred
2020-04-29T10:26:21.262Z - success: protocol thumbnail registerred
2020-04-29T10:26:21.263Z - success: protocol unpack registerred
2020-04-29T10:26:21.264Z - success: protocol disable-commonjs registerred
2020-04-29T10:26:21.458Z - normal: connected!
2020-04-29T10:26:21.459Z - normal: Check project F:\Works\HTML5 Works\xiaohngm.github.io\Games\Star2\start_project
2020-04-29T10:26:21.461Z - normal: Initializing project F:\Works\HTML5 Works\xiaohngm.github.io\Games\Star2\start_project
2020-04-29T10:26:22.312Z - normal: Initializing Cocos2d
2020-04-29T10:26:23.285Z - normal: Initializing engine extends
2020-04-29T10:26:23.414Z - success: adapters loaded
2020-04-29T10:26:23.437Z - success: asset-db-debugger loaded
2020-04-29T10:26:23.702Z - success: fb-audience-network loaded
2020-04-29T10:26:23.779Z - success: fb-live-stream loaded
2020-04-29T10:26:23.787Z - success: google-play-instant loaded
2020-04-29T10:26:23.809Z - success: huawei-runtime loaded
2020-04-29T10:26:24.151Z - success: cpk-publish loaded
2020-04-29T10:26:24.153Z - success: jsb-adapter loaded
2020-04-29T10:26:24.169Z - success: oppo-runtime loaded
2020-04-29T10:26:24.194Z - success: package-manager loaded
2020-04-29T10:26:24.206Z - success: runtime-dev-tools loaded
2020-04-29T10:26:24.228Z - success: sdkbox loaded
2020-04-29T10:26:24.243Z - success: ui-kit-preview-extra loaded
2020-04-29T10:26:24.260Z - success: ui-kit-preview loaded
2020-04-29T10:26:24.287Z - success: vivo-runtime loaded
2020-04-29T10:26:24.295Z - success: alipay-minigame loaded
2020-04-29T10:26:24.384Z - success: assets loaded
2020-04-29T10:26:24.393Z - success: baidugame-opendata loaded
2020-04-29T10:26:24.403Z - success: baidugame loaded
2020-04-29T10:26:24.418Z - success: builder loaded
2020-04-29T10:26:24.653Z - success: cocos-services loaded
2020-04-29T10:26:24.673Z - success: console loaded
2020-04-29T10:26:24.703Z - success: fb-instant-games loaded
2020-04-29T10:26:24.719Z - success: game-window loaded
2020-04-29T10:26:24.723Z - success: google-instant-games loaded
2020-04-29T10:26:24.737Z - success: hierarchy loaded
2020-04-29T10:26:24.746Z - success: inspector loaded
2020-04-29T10:26:24.750Z - success: keystore loaded
2020-04-29T10:26:24.776Z - success: node-library loaded
2020-04-29T10:26:24.781Z - success: open-recent-items loaded
2020-04-29T10:26:24.787Z - success: package-asset loaded
2020-04-29T10:26:24.790Z - success: preferences loaded
2020-04-29T10:26:24.799Z - success: project-exporter loaded
2020-04-29T10:26:24.807Z - success: project-importer loaded
2020-04-29T10:26:24.820Z - success: project-settings loaded
2020-04-29T10:26:24.834Z - success: scene loaded
2020-04-29T10:26:24.836Z - success: simulator-debugger loaded
2020-04-29T10:26:24.838Z - success: sprite-editor loaded
2020-04-29T10:26:24.848Z - success: store loaded
2020-04-29T10:26:24.858Z - success: timeline loaded
2020-04-29T10:26:24.869Z - success: wechatgame-opendata loaded
2020-04-29T10:26:24.882Z - success: wechatgame loaded
2020-04-29T10:26:24.892Z - success: xiaomi-runtime loaded
2020-04-29T10:26:31.078Z - info: Cocos Services load base data!
2020-04-29T10:26:42.579Z - normal: Loading packages
2020-04-29T10:26:42.596Z - normal: Watching packages
2020-04-29T10:26:45.562Z - normal: Run Application
